<?xml version="1.0" encoding="UTF-8"?>
<testsuite name="com.gildedrose.GildedRoseTest" tests="18" skipped="0" failures="0" errors="0" timestamp="2020-11-10T23:00:38" hostname="rpgueye-VirtualBox" time="0.916">
  <properties/>
  <testcase name="testIfQualityNegatif()" classname="com.gildedrose.GildedRoseTest" time="0.283"/>
  <testcase name="testAgedBrieWithsellInNegatif()" classname="com.gildedrose.GildedRoseTest" time="0.02"/>
  <testcase name="testIfQualityGt50()" classname="com.gildedrose.GildedRoseTest" time="0.022"/>
  <testcase name="testBackstageUpdateGT50()" classname="com.gildedrose.GildedRoseTest" time="0.049"/>
  <testcase name="testBackstageUpdate2()" classname="com.gildedrose.GildedRoseTest" time="0.017"/>
  <testcase name="testBackstageUpdate3()" classname="com.gildedrose.GildedRoseTest" time="0.013"/>
  <testcase name="testQualityZero()" classname="com.gildedrose.GildedRoseTest" time="0.004"/>
  <testcase name="testDecrementationSellinAgedBrie()" classname="com.gildedrose.GildedRoseTest" time="0.008"/>
  <testcase name="testSellinNegatif()" classname="com.gildedrose.GildedRoseTest" time="0.004"/>
  <testcase name="testDecrementationSellin()" classname="com.gildedrose.GildedRoseTest" time="0.011"/>
  <testcase name="testBackstageUpdateGTE50()" classname="com.gildedrose.GildedRoseTest" time="0.015"/>
  <testcase name="testDecrementationQuality()" classname="com.gildedrose.GildedRoseTest" time="0.017"/>
  <testcase name="testDecrementationQualityZero()" classname="com.gildedrose.GildedRoseTest" time="0.011"/>
  <testcase name="testDecrementationSellinBackStage()" classname="com.gildedrose.GildedRoseTest" time="0.006"/>
  <testcase name="testDecrementationSellinSulfura()" classname="com.gildedrose.GildedRoseTest" time="0.016"/>
  <testcase name="testBackstageWithsellInNegatif()" classname="com.gildedrose.GildedRoseTest" time="0.015"/>
  <testcase name="testSulfuraQuality()" classname="com.gildedrose.GildedRoseTest" time="0.012"/>
  <testcase name="testBackstageUpdate()" classname="com.gildedrose.GildedRoseTest" time="0.009"/>
  <system-out><![CDATA[]]></system-out>
  <system-err><![CDATA[]]></system-err>
</testsuite>
