<?xml version="1.0" encoding="UTF-8"?>
<testsuite name="com.gildedrose.GildedRoseTest" tests="18" skipped="0" failures="0" errors="0" timestamp="2020-11-11T16:28:37" hostname="rpgueye-VirtualBox" time="0.987">
  <properties/>
  <testcase name="testIfQualityNegatif()" classname="com.gildedrose.GildedRoseTest" time="0.347"/>
  <testcase name="testAgedBrieWithsellInNegatif()" classname="com.gildedrose.GildedRoseTest" time="0.026"/>
  <testcase name="testIfQualityGt50()" classname="com.gildedrose.GildedRoseTest" time="0.021"/>
  <testcase name="testBackstageUpdateGT50()" classname="com.gildedrose.GildedRoseTest" time="0.024"/>
  <testcase name="testBackstageUpdate2()" classname="com.gildedrose.GildedRoseTest" time="0.015"/>
  <testcase name="testBackstageUpdate3()" classname="com.gildedrose.GildedRoseTest" time="0.007"/>
  <testcase name="testQualityZero()" classname="com.gildedrose.GildedRoseTest" time="0.026"/>
  <testcase name="testDecrementationSellinAgedBrie()" classname="com.gildedrose.GildedRoseTest" time="0.014"/>
  <testcase name="testSellinNegatif()" classname="com.gildedrose.GildedRoseTest" time="0.015"/>
  <testcase name="testDecrementationSellin()" classname="com.gildedrose.GildedRoseTest" time="0.015"/>
  <testcase name="testBackstageUpdateGTE50()" classname="com.gildedrose.GildedRoseTest" time="0.025"/>
  <testcase name="testDecrementationQuality()" classname="com.gildedrose.GildedRoseTest" time="0.015"/>
  <testcase name="testDecrementationQualityZero()" classname="com.gildedrose.GildedRoseTest" time="0.019"/>
  <testcase name="testDecrementationSellinBackStage()" classname="com.gildedrose.GildedRoseTest" time="0.009"/>
  <testcase name="testDecrementationSellinSulfura()" classname="com.gildedrose.GildedRoseTest" time="0.012"/>
  <testcase name="testBackstageWithsellInNegatif()" classname="com.gildedrose.GildedRoseTest" time="0.017"/>
  <testcase name="testSulfuraQuality()" classname="com.gildedrose.GildedRoseTest" time="0.013"/>
  <testcase name="testBackstageUpdate()" classname="com.gildedrose.GildedRoseTest" time="0.016"/>
  <system-out><![CDATA[]]></system-out>
  <system-err><![CDATA[]]></system-err>
</testsuite>
