<?xml version="1.0" encoding="UTF-8"?>
<testsuite name="com.gildedrose.GildedRoseTest" tests="18" skipped="0" failures="0" errors="0" timestamp="2020-11-13T01:13:48" hostname="sarr-VirtualBox" time="0.508">
  <properties/>
  <testcase name="testAgedBrieWithsellInNegatif()" classname="com.gildedrose.GildedRoseTest" time="0.198"/>
  <testcase name="testBackstageWithQualityGT50()" classname="com.gildedrose.GildedRoseTest" time="0.002"/>
  <testcase name="testQualityZeroForAgedBrie()" classname="com.gildedrose.GildedRoseTest" time="0.006"/>
  <testcase name="testDecrementationSellinAgedBrie()" classname="com.gildedrose.GildedRoseTest" time="0.008"/>
  <testcase name="testDecrementationQualityOfConjured()" classname="com.gildedrose.GildedRoseTest" time="0.009"/>
  <testcase name="TestToString()" classname="com.gildedrose.GildedRoseTest" time="0.015"/>
  <testcase name="testDecrementationSellin()" classname="com.gildedrose.GildedRoseTest" time="0.002"/>
  <testcase name="testIfQualityExceeds50()" classname="com.gildedrose.GildedRoseTest" time="0.004"/>
  <testcase name="testSellinEqualZero()" classname="com.gildedrose.GildedRoseTest" time="0.01"/>
  <testcase name="testBackstageUpdateWithSellinLT11()" classname="com.gildedrose.GildedRoseTest" time="0.002"/>
  <testcase name="testDecrementationSellinSulfura()" classname="com.gildedrose.GildedRoseTest" time="0.005"/>
  <testcase name="testBackstageWithsellInNegatif()" classname="com.gildedrose.GildedRoseTest" time="0.011"/>
  <testcase name="testQualityGt50WithSellinNegative()" classname="com.gildedrose.GildedRoseTest" time="0.016"/>
  <testcase name="testSulfuraQuality()" classname="com.gildedrose.GildedRoseTest" time="0.008"/>
  <testcase name="testDecrementationOfQuality()" classname="com.gildedrose.GildedRoseTest" time="0.02"/>
  <testcase name="testDecrementationForQualityEqualZero()" classname="com.gildedrose.GildedRoseTest" time="0.008"/>
  <testcase name="testBackstageUpdate()" classname="com.gildedrose.GildedRoseTest" time="0.006"/>
  <testcase name="testQualityOfConjuredLTE0()" classname="com.gildedrose.GildedRoseTest" time="0.002"/>
  <system-out><![CDATA[]]></system-out>
  <system-err><![CDATA[]]></system-err>
</testsuite>
